This file contains any messages produced by compilers while
running configure, to aid debugging if configure makes a mistake.

It was created by exempi configure 2.2.2, which was
generated by GNU Autoconf 2.69.  Invocation command line was

  $ ./configure --with-darwinports

## --------- ##
## Platform. ##
## --------- ##

hostname = eduroam9028.univ-lr.fr
uname -m = x86_64
uname -r = 14.1.0
uname -s = Darwin
uname -v = Darwin Kernel Version 14.1.0: Mon Dec 22 23:10:38 PST 2014; root:xnu-2782.10.72~2/RELEASE_X86_64

/usr/bin/uname -p = i386
/bin/uname -X     = unknown

/bin/arch              = unknown
/usr/bin/arch -k       = unknown
/usr/convex/getsysinfo = unknown
/usr/bin/hostinfo      = Mach kernel version:
	 Darwin Kernel Version 14.1.0: Mon Dec 22 23:10:38 PST 2014; root:xnu-2782.10.72~2/RELEASE_X86_64
Kernel configured for up to 8 processors.
4 processors are physically available.
8 processors are logically available.
Processor type: x86_64h (Intel x86-64h Haswell)
Processors active: 0 1 2 3 4 5 6 7
Primary memory available: 16.00 gigabytes
Default processor set: 258 tasks, 1155 threads, 8 processors
Load average: 1.46, Mach factor: 6.52
/bin/machine           = unknown
/usr/bin/oslevel       = unknown
/bin/universe          = unknown

PATH: /opt/local/bin
PATH: /opt/local/sbin
PATH: /usr/local/bin
PATH: /usr/bin
PATH: /bin
PATH: /usr/sbin
PATH: /sbin
PATH: /usr/texbin


## ----------- ##
## Core tests. ##
## ----------- ##

configure:2498: checking for a BSD-compatible install
configure:2566: result: /usr/bin/install -c
configure:2577: checking whether build environment is sane
configure:2632: result: yes
configure:2670: WARNING: 'missing' script is too old or missing
configure:2783: checking for a thread-safe mkdir -p
configure:2822: result: ./install-sh -c -d
configure:2829: checking for gawk
configure:2859: result: no
configure:2829: checking for mawk
configure:2859: result: no
configure:2829: checking for nawk
configure:2859: result: no
configure:2829: checking for awk
configure:2845: found /usr/bin/awk
configure:2856: result: awk
configure:2867: checking whether make sets $(MAKE)
configure:2889: result: yes
configure:2918: checking whether make supports nested variables
configure:2935: result: yes
configure:3020: checking whether to enable maintainer-specific portions of Makefiles
configure:3029: result: no
configure:3054: checking whether make supports nested variables
configure:3071: result: yes
configure:3153: checking for gcc
configure:3169: found /usr/bin/gcc
configure:3180: result: gcc
configure:3409: checking for C compiler version
configure:3418: gcc --version >&5
Apple LLVM version 6.1.0 (clang-602.0.49) (based on LLVM 3.6.0svn)
Target: x86_64-apple-darwin14.1.0
Thread model: posix
Configured with: --prefix=/Applications/Xcode.app/Contents/Developer/usr --with-gxx-include-dir=/usr/include/c++/4.2.1
configure:3429: $? = 0
configure:3418: gcc -v >&5
Configured with: --prefix=/Applications/Xcode.app/Contents/Developer/usr --with-gxx-include-dir=/usr/include/c++/4.2.1
Apple LLVM version 6.1.0 (clang-602.0.49) (based on LLVM 3.6.0svn)
Target: x86_64-apple-darwin14.1.0
Thread model: posix
configure:3429: $? = 0
configure:3418: gcc -V >&5
clang: error: argument to '-V' is missing (expected 1 value)
clang: error: no input files
configure:3429: $? = 1
configure:3418: gcc -qversion >&5
clang: error: unknown argument: '-qversion'
clang: error: no input files
configure:3429: $? = 1
configure:3449: checking whether the C compiler works
configure:3471: gcc    conftest.c  >&5
configure:3475: $? = 0
configure:3523: result: yes
configure:3526: checking for C compiler default output file name
configure:3528: result: a.out
configure:3534: checking for suffix of executables
configure:3541: gcc -o conftest    conftest.c  >&5
configure:3545: $? = 0
configure:3567: result: 
configure:3589: checking whether we are cross compiling
configure:3597: gcc -o conftest    conftest.c  >&5
configure:3601: $? = 0
configure:3608: ./conftest
configure:3612: $? = 0
configure:3627: result: no
configure:3632: checking for suffix of object files
configure:3654: gcc -c   conftest.c >&5
configure:3658: $? = 0
configure:3679: result: o
configure:3683: checking whether we are using the GNU C compiler
configure:3702: gcc -c   conftest.c >&5
configure:3702: $? = 0
configure:3711: result: yes
configure:3720: checking whether gcc accepts -g
configure:3740: gcc -c -g  conftest.c >&5
configure:3740: $? = 0
configure:3781: result: yes
configure:3798: checking for gcc option to accept ISO C89
configure:3861: gcc  -c -g -O2  conftest.c >&5
configure:3861: $? = 0
configure:3874: result: none needed
configure:3905: checking for style of include used by make
configure:3933: result: GNU
configure:3959: checking dependency style of gcc
configure:4070: result: gcc3
configure:4143: checking for g++
configure:4159: found /usr/bin/g++
configure:4170: result: g++
configure:4197: checking for C++ compiler version
configure:4206: g++ --version >&5
Apple LLVM version 6.1.0 (clang-602.0.49) (based on LLVM 3.6.0svn)
Target: x86_64-apple-darwin14.1.0
Thread model: posix
Configured with: --prefix=/Applications/Xcode.app/Contents/Developer/usr --with-gxx-include-dir=/usr/include/c++/4.2.1
configure:4217: $? = 0
configure:4206: g++ -v >&5
Configured with: --prefix=/Applications/Xcode.app/Contents/Developer/usr --with-gxx-include-dir=/usr/include/c++/4.2.1
Apple LLVM version 6.1.0 (clang-602.0.49) (based on LLVM 3.6.0svn)
Target: x86_64-apple-darwin14.1.0
Thread model: posix
configure:4217: $? = 0
configure:4206: g++ -V >&5
clang: error: argument to '-V' is missing (expected 1 value)
clang: error: no input files
configure:4217: $? = 1
configure:4206: g++ -qversion >&5
clang: error: unknown argument: '-qversion'
clang: error: no input files
configure:4217: $? = 1
configure:4221: checking whether we are using the GNU C++ compiler
configure:4240: g++ -c   conftest.cpp >&5
configure:4240: $? = 0
configure:4249: result: yes
configure:4258: checking whether g++ accepts -g
configure:4278: g++ -c -g  conftest.cpp >&5
configure:4278: $? = 0
configure:4319: result: yes
configure:4344: checking dependency style of g++
configure:4455: result: gcc3
configure:4499: checking build system type
configure:4513: result: x86_64-apple-darwin14.1.0
configure:4533: checking host system type
configure:4546: result: x86_64-apple-darwin14.1.0
configure:4587: checking how to print strings
configure:4614: result: printf
configure:4635: checking for a sed that does not truncate output
configure:4699: result: /usr/bin/sed
configure:4717: checking for grep that handles long lines and -e
configure:4775: result: /usr/bin/grep
configure:4780: checking for egrep
configure:4842: result: /usr/bin/grep -E
configure:4847: checking for fgrep
configure:4909: result: /usr/bin/grep -F
configure:4944: checking for ld used by gcc
configure:5011: result: /Applications/Xcode.app/Contents/Developer/Toolchains/XcodeDefault.xctoolchain/usr/bin/ld
configure:5018: checking if the linker (/Applications/Xcode.app/Contents/Developer/Toolchains/XcodeDefault.xctoolchain/usr/bin/ld) is GNU ld
configure:5033: result: no
configure:5045: checking for BSD- or MS-compatible name lister (nm)
configure:5094: result: /usr/bin/nm
configure:5224: checking the name lister (/usr/bin/nm) interface
configure:5231: gcc -c -g -O2  conftest.c >&5
configure:5234: /usr/bin/nm "conftest.o"
configure:5237: output
00000000000001f8 S _some_variable
configure:5244: result: BSD nm
configure:5247: checking whether ln -s works
configure:5251: result: yes
configure:5259: checking the maximum length of command line arguments
configure:5389: result: 196608
configure:5406: checking whether the shell understands some XSI constructs
configure:5416: result: yes
configure:5420: checking whether the shell understands "+="
configure:5426: result: yes
configure:5461: checking how to convert x86_64-apple-darwin14.1.0 file names to x86_64-apple-darwin14.1.0 format
configure:5501: result: func_convert_file_noop
configure:5508: checking how to convert x86_64-apple-darwin14.1.0 file names to toolchain format
configure:5528: result: func_convert_file_noop
configure:5535: checking for /Applications/Xcode.app/Contents/Developer/Toolchains/XcodeDefault.xctoolchain/usr/bin/ld option to reload object files
configure:5542: result: -r
configure:5616: checking for objdump
configure:5646: result: no
configure:5675: checking how to recognize dependent libraries
configure:5877: result: pass_all
configure:5962: checking for dlltool
configure:5992: result: no
configure:6022: checking how to associate runtime and link libraries
configure:6049: result: printf %s\n
configure:6110: checking for ar
configure:6126: found /usr/bin/ar
configure:6137: result: ar
configure:6174: checking for archiver @FILE support
configure:6191: gcc -c -g -O2  conftest.c >&5
configure:6191: $? = 0
configure:6194: ar cru libconftest.a @conftest.lst >&5
ar: @conftest.lst: No such file or directory
configure:6197: $? = 1
configure:6217: result: no
configure:6275: checking for strip
configure:6291: found /usr/bin/strip
configure:6302: result: strip
configure:6374: checking for ranlib
configure:6390: found /usr/bin/ranlib
configure:6401: result: ranlib
configure:6503: checking command to parse /usr/bin/nm output from gcc object
configure:6623: gcc -c -g -O2  conftest.c >&5
configure:6626: $? = 0
configure:6630: /usr/bin/nm conftest.o \| sed -n -e 's/^.*[ ]\([BCDEGRST][BCDEGRST]*\)[ ][ ]*\([_A-Za-z][_A-Za-z0-9]*\)$/\1 \2 \2/p' | sed '/ __gnu_lto/d' \> conftest.nm
configure:6633: $? = 0
cannot find nm_test_var in conftest.nm
configure:6623: gcc -c -g -O2  conftest.c >&5
configure:6626: $? = 0
configure:6630: /usr/bin/nm conftest.o \| sed -n -e 's/^.*[ ]\([BCDEGRST][BCDEGRST]*\)[ ][ ]*_\([_A-Za-z][_A-Za-z0-9]*\)$/\1 _\2 \2/p' | sed '/ __gnu_lto/d' \> conftest.nm
configure:6633: $? = 0
configure:6699: gcc -o conftest -g -O2   conftest.c conftstm.o >&5
configure:6702: $? = 0
configure:6740: result: ok
configure:6777: checking for sysroot
configure:6807: result: no
configure:7069: checking for mt
configure:7099: result: no
configure:7119: checking if : is a manifest tool
configure:7125: : '-?'
configure:7133: result: no
configure:7189: checking for dsymutil
configure:7205: found /usr/bin/dsymutil
configure:7216: result: dsymutil
configure:7281: checking for nmedit
configure:7297: found /usr/bin/nmedit
configure:7308: result: nmedit
configure:7373: checking for lipo
configure:7389: found /usr/bin/lipo
configure:7400: result: lipo
configure:7465: checking for otool
configure:7481: found /usr/bin/otool
configure:7492: result: otool
configure:7557: checking for otool64
configure:7587: result: no
configure:7632: checking for -single_module linker flag
gcc -g -O2  -o libconftest.dylib -dynamiclib -Wl,-single_module conftest.c
configure:7665: result: yes
configure:7668: checking for -exported_symbols_list linker flag
configure:7688: gcc -o conftest -g -O2   -Wl,-exported_symbols_list,conftest.sym conftest.c  >&5
configure:7688: $? = 0
configure:7698: result: yes
configure:7701: checking for -force_load linker flag
gcc -g -O2 -c -o conftest.o conftest.c
ar cru libconftest.a conftest.o
ranlib libconftest.a
gcc -g -O2  -o conftest conftest.c -Wl,-force_load,./libconftest.a
configure:7733: result: yes
configure:7775: checking how to run the C preprocessor
configure:7806: gcc -E  conftest.c
configure:7806: $? = 0
configure:7820: gcc -E  conftest.c
conftest.c:11:10: fatal error: 'ac_nonexistent.h' file not found
#include <ac_nonexistent.h>
         ^
1 error generated.
configure:7820: $? = 1
configure: failed program was:
| /* confdefs.h */
| #define PACKAGE_NAME "exempi"
| #define PACKAGE_TARNAME "exempi"
| #define PACKAGE_VERSION "2.2.2"
| #define PACKAGE_STRING "exempi 2.2.2"
| #define PACKAGE_BUGREPORT ""
| #define PACKAGE_URL ""
| #define PACKAGE "exempi"
| #define VERSION "2.2.2"
| /* end confdefs.h.  */
| #include <ac_nonexistent.h>
configure:7845: result: gcc -E
configure:7865: gcc -E  conftest.c
configure:7865: $? = 0
configure:7879: gcc -E  conftest.c
conftest.c:11:10: fatal error: 'ac_nonexistent.h' file not found
#include <ac_nonexistent.h>
         ^
1 error generated.
configure:7879: $? = 1
configure: failed program was:
| /* confdefs.h */
| #define PACKAGE_NAME "exempi"
| #define PACKAGE_TARNAME "exempi"
| #define PACKAGE_VERSION "2.2.2"
| #define PACKAGE_STRING "exempi 2.2.2"
| #define PACKAGE_BUGREPORT ""
| #define PACKAGE_URL ""
| #define PACKAGE "exempi"
| #define VERSION "2.2.2"
| /* end confdefs.h.  */
| #include <ac_nonexistent.h>
configure:7908: checking for ANSI C header files
configure:7928: gcc -c -g -O2  conftest.c >&5
configure:7928: $? = 0
configure:8001: gcc -o conftest -g -O2   conftest.c  >&5
configure:8001: $? = 0
configure:8001: ./conftest
configure:8001: $? = 0
configure:8012: result: yes
configure:8025: checking for sys/types.h
configure:8025: gcc -c -g -O2  conftest.c >&5
configure:8025: $? = 0
configure:8025: result: yes
configure:8025: checking for sys/stat.h
configure:8025: gcc -c -g -O2  conftest.c >&5
configure:8025: $? = 0
configure:8025: result: yes
configure:8025: checking for stdlib.h
configure:8025: gcc -c -g -O2  conftest.c >&5
configure:8025: $? = 0
configure:8025: result: yes
configure:8025: checking for string.h
configure:8025: gcc -c -g -O2  conftest.c >&5
configure:8025: $? = 0
configure:8025: result: yes
configure:8025: checking for memory.h
configure:8025: gcc -c -g -O2  conftest.c >&5
configure:8025: $? = 0
configure:8025: result: yes
configure:8025: checking for strings.h
configure:8025: gcc -c -g -O2  conftest.c >&5
configure:8025: $? = 0
configure:8025: result: yes
configure:8025: checking for inttypes.h
configure:8025: gcc -c -g -O2  conftest.c >&5
configure:8025: $? = 0
configure:8025: result: yes
configure:8025: checking for stdint.h
configure:8025: gcc -c -g -O2  conftest.c >&5
configure:8025: $? = 0
configure:8025: result: yes
configure:8025: checking for unistd.h
configure:8025: gcc -c -g -O2  conftest.c >&5
configure:8025: $? = 0
configure:8025: result: yes
configure:8039: checking for dlfcn.h
configure:8039: gcc -c -g -O2  conftest.c >&5
configure:8039: $? = 0
configure:8039: result: yes
configure:8256: checking for objdir
configure:8271: result: .libs
configure:8542: checking if gcc supports -fno-rtti -fno-exceptions
configure:8560: gcc -c -g -O2  -fno-rtti -fno-exceptions conftest.c >&5
configure:8564: $? = 0
configure:8577: result: yes
configure:8904: checking for gcc option to produce PIC
configure:8911: result: -fno-common -DPIC
configure:8919: checking if gcc PIC flag -fno-common -DPIC works
configure:8937: gcc -c -g -O2  -fno-common -DPIC -DPIC conftest.c >&5
configure:8941: $? = 0
configure:8954: result: yes
configure:8983: checking if gcc static flag -static works
configure:9011: result: no
configure:9026: checking if gcc supports -c -o file.o
configure:9047: gcc -c -g -O2  -o out/conftest2.o conftest.c >&5
configure:9051: $? = 0
configure:9073: result: yes
configure:9081: checking if gcc supports -c -o file.o
configure:9128: result: yes
configure:9161: checking whether the gcc linker (/Applications/Xcode.app/Contents/Developer/Toolchains/XcodeDefault.xctoolchain/usr/bin/ld) supports shared libraries
configure:10314: result: yes
configure:10554: checking dynamic linker characteristics
configure:11291: result: darwin14.1.0 dyld
configure:11398: checking how to hardcode library paths into programs
configure:11423: result: immediate
configure:11963: checking whether stripping libraries is possible
configure:11977: result: yes
configure:12003: checking if libtool supports shared libraries
configure:12005: result: yes
configure:12008: checking whether to build shared libraries
configure:12029: result: yes
configure:12032: checking whether to build static libraries
configure:12036: result: yes
configure:12059: checking how to run the C++ preprocessor
configure:12086: g++ -E  conftest.cpp
configure:12086: $? = 0
configure:12100: g++ -E  conftest.cpp
conftest.cpp:23:10: fatal error: 'ac_nonexistent.h' file not found
#include <ac_nonexistent.h>
         ^
1 error generated.
configure:12100: $? = 1
configure: failed program was:
| /* confdefs.h */
| #define PACKAGE_NAME "exempi"
| #define PACKAGE_TARNAME "exempi"
| #define PACKAGE_VERSION "2.2.2"
| #define PACKAGE_STRING "exempi 2.2.2"
| #define PACKAGE_BUGREPORT ""
| #define PACKAGE_URL ""
| #define PACKAGE "exempi"
| #define VERSION "2.2.2"
| #define STDC_HEADERS 1
| #define HAVE_SYS_TYPES_H 1
| #define HAVE_SYS_STAT_H 1
| #define HAVE_STDLIB_H 1
| #define HAVE_STRING_H 1
| #define HAVE_MEMORY_H 1
| #define HAVE_STRINGS_H 1
| #define HAVE_INTTYPES_H 1
| #define HAVE_STDINT_H 1
| #define HAVE_UNISTD_H 1
| #define HAVE_DLFCN_H 1
| #define LT_OBJDIR ".libs/"
| /* end confdefs.h.  */
| #include <ac_nonexistent.h>
configure:12125: result: g++ -E
configure:12145: g++ -E  conftest.cpp
configure:12145: $? = 0
configure:12159: g++ -E  conftest.cpp
conftest.cpp:23:10: fatal error: 'ac_nonexistent.h' file not found
#include <ac_nonexistent.h>
         ^
1 error generated.
configure:12159: $? = 1
configure: failed program was:
| /* confdefs.h */
| #define PACKAGE_NAME "exempi"
| #define PACKAGE_TARNAME "exempi"
| #define PACKAGE_VERSION "2.2.2"
| #define PACKAGE_STRING "exempi 2.2.2"
| #define PACKAGE_BUGREPORT ""
| #define PACKAGE_URL ""
| #define PACKAGE "exempi"
| #define VERSION "2.2.2"
| #define STDC_HEADERS 1
| #define HAVE_SYS_TYPES_H 1
| #define HAVE_SYS_STAT_H 1
| #define HAVE_STDLIB_H 1
| #define HAVE_STRING_H 1
| #define HAVE_MEMORY_H 1
| #define HAVE_STRINGS_H 1
| #define HAVE_INTTYPES_H 1
| #define HAVE_STDINT_H 1
| #define HAVE_UNISTD_H 1
| #define HAVE_DLFCN_H 1
| #define LT_OBJDIR ".libs/"
| /* end confdefs.h.  */
| #include <ac_nonexistent.h>
configure:12328: checking for ld used by g++
configure:12395: result: /Applications/Xcode.app/Contents/Developer/Toolchains/XcodeDefault.xctoolchain/usr/bin/ld
configure:12402: checking if the linker (/Applications/Xcode.app/Contents/Developer/Toolchains/XcodeDefault.xctoolchain/usr/bin/ld) is GNU ld
configure:12417: result: no
configure:12472: checking whether the g++ linker (/Applications/Xcode.app/Contents/Developer/Toolchains/XcodeDefault.xctoolchain/usr/bin/ld) supports shared libraries
configure:13477: result: yes
configure:13513: g++ -c -g -O2  conftest.cpp >&5
configure:13516: $? = 0
configure:14036: checking for g++ option to produce PIC
configure:14043: result: -fno-common -DPIC
configure:14051: checking if g++ PIC flag -fno-common -DPIC works
configure:14069: g++ -c -g -O2  -fno-common -DPIC -DPIC conftest.cpp >&5
configure:14073: $? = 0
configure:14086: result: yes
configure:14109: checking if g++ static flag -static works
configure:14137: result: no
configure:14149: checking if g++ supports -c -o file.o
configure:14170: g++ -c -g -O2  -o out/conftest2.o conftest.cpp >&5
configure:14174: $? = 0
configure:14196: result: yes
configure:14201: checking if g++ supports -c -o file.o
configure:14248: result: yes
configure:14278: checking whether the g++ linker (/Applications/Xcode.app/Contents/Developer/Toolchains/XcodeDefault.xctoolchain/usr/bin/ld) supports shared libraries
configure:14314: result: yes
configure:14455: checking dynamic linker characteristics
configure:15126: result: darwin14.1.0 dyld
configure:15179: checking how to hardcode library paths into programs
configure:15204: result: immediate
configure:15266: checking whether byte ordering is bigendian
configure:15281: gcc -c -g -O2  conftest.c >&5
configure:15281: $? = 0
configure:15326: gcc -c -g -O2  conftest.c >&5
configure:15326: $? = 0
configure:15344: gcc -c -g -O2  conftest.c >&5
conftest.c:30:4: error: use of undeclared identifier 'not'
                 not big endian
                 ^
1 error generated.
configure:15344: $? = 1
configure: failed program was:
| /* confdefs.h */
| #define PACKAGE_NAME "exempi"
| #define PACKAGE_TARNAME "exempi"
| #define PACKAGE_VERSION "2.2.2"
| #define PACKAGE_STRING "exempi 2.2.2"
| #define PACKAGE_BUGREPORT ""
| #define PACKAGE_URL ""
| #define PACKAGE "exempi"
| #define VERSION "2.2.2"
| #define STDC_HEADERS 1
| #define HAVE_SYS_TYPES_H 1
| #define HAVE_SYS_STAT_H 1
| #define HAVE_STDLIB_H 1
| #define HAVE_STRING_H 1
| #define HAVE_MEMORY_H 1
| #define HAVE_STRINGS_H 1
| #define HAVE_INTTYPES_H 1
| #define HAVE_STDINT_H 1
| #define HAVE_UNISTD_H 1
| #define HAVE_DLFCN_H 1
| #define LT_OBJDIR ".libs/"
| /* end confdefs.h.  */
| #include <sys/types.h>
| 		#include <sys/param.h>
| 
| int
| main ()
| {
| #if BYTE_ORDER != BIG_ENDIAN
| 		 not big endian
| 		#endif
| 
|   ;
|   return 0;
| }
configure:15472: result: no
configure:15519: checking expat.h usability
configure:15519: g++ -c -g -O2  -I/opt/local/include conftest.c >&5
clang: warning: treating 'c' input as 'c++' when in C++ mode, this behavior is deprecated
configure:15519: $? = 0
configure:15519: result: yes
configure:15519: checking expat.h presence
configure:15519: gcc -E  -I/opt/local/include conftest.c
configure:15519: $? = 0
configure:15519: result: yes
configure:15519: checking for expat.h
configure:15519: result: yes
configure:15527: checking iconv.h usability
configure:15527: g++ -c -g -O2  -I/opt/local/include conftest.c >&5
clang: warning: treating 'c' input as 'c++' when in C++ mode, this behavior is deprecated
configure:15527: $? = 0
configure:15527: result: yes
configure:15527: checking iconv.h presence
configure:15527: gcc -E  -I/opt/local/include conftest.c
configure:15527: $? = 0
configure:15527: result: yes
configure:15527: checking for iconv.h
configure:15527: result: yes
configure:15535: checking zlib.h usability
configure:15535: g++ -c -g -O2  -I/opt/local/include conftest.c >&5
clang: warning: treating 'c' input as 'c++' when in C++ mode, this behavior is deprecated
configure:15535: $? = 0
configure:15535: result: yes
configure:15535: checking zlib.h presence
configure:15535: gcc -E  -I/opt/local/include conftest.c
configure:15535: $? = 0
configure:15535: result: yes
configure:15535: checking for zlib.h
configure:15535: result: yes
configure:15544: checking for iconv declaration
configure:15573: g++ -c -g -O2  -I/opt/local/include conftest.c >&5
clang: warning: treating 'c' input as 'c++' when in C++ mode, this behavior is deprecated
configure:15573: $? = 0
configure:15584: result: 
         extern size_t iconv (iconv_t cd, char * *inbuf, size_t *inbytesleft, char * *outbuf, size_t *outbytesleft);
configure:15595: checking for thread local storage (TLS) class
configure:15622: g++ -c -g -O2  -I/opt/local/include conftest.c >&5
clang: warning: treating 'c' input as 'c++' when in C++ mode, this behavior is deprecated
configure:15622: $? = 0
configure:15642: result: __thread
configure:15661: checking whether the linker accepts the -Wl,--retain-symbols-file=_ac_foo.sym flag
configure:15685: g++ -o conftest -g -O2  -I/opt/local/include  -L/opt/local/lib -Wl,--retain-symbols-file=_ac_foo.sym conftest.c  >&5
clang: warning: treating 'c' input as 'c++' when in C++ mode, this behavior is deprecated
ld: unknown option: --retain-symbols-file=_ac_foo.sym
clang: error: linker command failed with exit code 1 (use -v to see invocation)
configure:15685: $? = 1
configure: failed program was:
| /* confdefs.h */
| #define PACKAGE_NAME "exempi"
| #define PACKAGE_TARNAME "exempi"
| #define PACKAGE_VERSION "2.2.2"
| #define PACKAGE_STRING "exempi 2.2.2"
| #define PACKAGE_BUGREPORT ""
| #define PACKAGE_URL ""
| #define PACKAGE "exempi"
| #define VERSION "2.2.2"
| #define STDC_HEADERS 1
| #define HAVE_SYS_TYPES_H 1
| #define HAVE_SYS_STAT_H 1
| #define HAVE_STDLIB_H 1
| #define HAVE_STRING_H 1
| #define HAVE_MEMORY_H 1
| #define HAVE_STRINGS_H 1
| #define HAVE_INTTYPES_H 1
| #define HAVE_STDINT_H 1
| #define HAVE_UNISTD_H 1
| #define HAVE_DLFCN_H 1
| #define LT_OBJDIR ".libs/"
| #define CHECKED_ENDIANNESS 1
| #define ICONV_CONST 
| #define TLS __thread
| #define HAVE_NATIVE_TLS 1
| /* end confdefs.h.  */
| 
| 
| int
| main ()
| {
| 
|   ;
|   return 0;
| }
| 
configure:15704: result: no
configure:15752: checking for Boost headers version >= 1.33.0
configure:15802: g++ -c -g -O2  -I/opt/local/include -I/opt/local/include conftest.cpp >&5
configure:15802: $? = 0
configure:15823: result: /opt/local/include
configure:15836: checking for Boost's header version
configure:15848: result: 1_56
configure:15851: checking for the toolset name used by Boost for g++
configure:15920: g++ -c -g -O2  -I/opt/local/include conftest.cpp >&5
configure:15920: $? = 0
configure:15932: result: gcc42
configure:15958: g++ -c -g -O2  -I/opt/local/include conftest.c >&5
clang: warning: treating 'c' input as 'c++' when in C++ mode, this behavior is deprecated
conftest.c:31:3: error: MT not needed
# error MT not needed
  ^
1 error generated.
configure:15958: $? = 1
configure: failed program was:
| /* confdefs.h */
| #define PACKAGE_NAME "exempi"
| #define PACKAGE_TARNAME "exempi"
| #define PACKAGE_VERSION "2.2.2"
| #define PACKAGE_STRING "exempi 2.2.2"
| #define PACKAGE_BUGREPORT ""
| #define PACKAGE_URL ""
| #define PACKAGE "exempi"
| #define VERSION "2.2.2"
| #define STDC_HEADERS 1
| #define HAVE_SYS_TYPES_H 1
| #define HAVE_SYS_STAT_H 1
| #define HAVE_STDLIB_H 1
| #define HAVE_STRING_H 1
| #define HAVE_MEMORY_H 1
| #define HAVE_STRINGS_H 1
| #define HAVE_INTTYPES_H 1
| #define HAVE_STDINT_H 1
| #define HAVE_UNISTD_H 1
| #define HAVE_DLFCN_H 1
| #define LT_OBJDIR ".libs/"
| #define CHECKED_ENDIANNESS 1
| #define ICONV_CONST 
| #define TLS __thread
| #define HAVE_NATIVE_TLS 1
| /* end confdefs.h.  */
| 
| #if defined _REENTRANT || defined _MT || defined __MT__
| /* use -mt */
| #else
| # error MT not needed
| #endif
| 
| int
| main ()
| {
| 
|   ;
|   return 0;
| }
configure:15978: checking boost/test/unit_test.hpp usability
configure:15978: g++ -c -g -O2  -I/opt/local/include -I/opt/local/include conftest.cpp >&5
configure:15978: $? = 0
configure:15978: result: yes
configure:15978: checking boost/test/unit_test.hpp presence
configure:15978: g++ -E  -I/opt/local/include -I/opt/local/include conftest.cpp
configure:15978: $? = 0
configure:15978: result: yes
configure:15978: checking for boost/test/unit_test.hpp
configure:15978: result: yes
configure:16004: checking for the Boost unit_test_framework library
configure:16038: g++ -c -g -O2  -I/opt/local/include -I/opt/local/include conftest.cpp >&5
configure:16038: $? = 0
configure:16090: re-using the existing conftest.o
configure:16096: g++ -o conftest -g -O2  -I/opt/local/include -I/opt/local/include  -L/opt/local/lib -L/opt/local/lib conftest.o -lboost_unit_test_framework-gcc42-mt-1_56  >&5
ld: library not found for -lboost_unit_test_framework-gcc42-mt-1_56
clang: error: linker command failed with exit code 1 (use -v to see invocation)
configure:16105: $? = 1
configure:16090: re-using the existing conftest.o
configure:16096: g++ -o conftest -g -O2  -I/opt/local/include -I/opt/local/include  -L/opt/local/lib -L/opt/local/lib conftest.o -lboost_unit_test_framework-gcc42-mt-1_56  >&5
ld: library not found for -lboost_unit_test_framework-gcc42-mt-1_56
clang: error: linker command failed with exit code 1 (use -v to see invocation)
configure:16105: $? = 1
configure:16090: re-using the existing conftest.o
configure:16096: g++ -o conftest -g -O2  -I/opt/local/include -I/opt/local/include  -L/opt/local/lib -L/usr/local/lib conftest.o -lboost_unit_test_framework-gcc42-mt-1_56  >&5
ld: library not found for -lboost_unit_test_framework-gcc42-mt-1_56
clang: error: linker command failed with exit code 1 (use -v to see invocation)
configure:16105: $? = 1
configure:16090: re-using the existing conftest.o
configure:16096: g++ -o conftest -g -O2  -I/opt/local/include -I/opt/local/include  -L/opt/local/lib -L/usr/lib conftest.o -lboost_unit_test_framework-gcc42-mt-1_56  >&5
ld: library not found for -lboost_unit_test_framework-gcc42-mt-1_56
clang: error: linker command failed with exit code 1 (use -v to see invocation)
configure:16105: $? = 1
configure:16090: re-using the existing conftest.o
configure:16096: g++ -o conftest -g -O2  -I/opt/local/include -I/opt/local/include  -L/opt/local/lib -L/opt/local/lib conftest.o -lboost_unit_test_framework-gcc42-1_56  >&5
ld: library not found for -lboost_unit_test_framework-gcc42-1_56
clang: error: linker command failed with exit code 1 (use -v to see invocation)
configure:16105: $? = 1
configure:16090: re-using the existing conftest.o
configure:16096: g++ -o conftest -g -O2  -I/opt/local/include -I/opt/local/include  -L/opt/local/lib -L/opt/local/lib conftest.o -lboost_unit_test_framework-gcc42-1_56  >&5
ld: library not found for -lboost_unit_test_framework-gcc42-1_56
clang: error: linker command failed with exit code 1 (use -v to see invocation)
configure:16105: $? = 1
configure:16090: re-using the existing conftest.o
configure:16096: g++ -o conftest -g -O2  -I/opt/local/include -I/opt/local/include  -L/opt/local/lib -L/usr/local/lib conftest.o -lboost_unit_test_framework-gcc42-1_56  >&5
ld: library not found for -lboost_unit_test_framework-gcc42-1_56
clang: error: linker command failed with exit code 1 (use -v to see invocation)
configure:16105: $? = 1
configure:16090: re-using the existing conftest.o
configure:16096: g++ -o conftest -g -O2  -I/opt/local/include -I/opt/local/include  -L/opt/local/lib -L/usr/lib conftest.o -lboost_unit_test_framework-gcc42-1_56  >&5
ld: library not found for -lboost_unit_test_framework-gcc42-1_56
clang: error: linker command failed with exit code 1 (use -v to see invocation)
configure:16105: $? = 1
configure:16090: re-using the existing conftest.o
configure:16096: g++ -o conftest -g -O2  -I/opt/local/include -I/opt/local/include  -L/opt/local/lib -L/opt/local/lib conftest.o -lboost_unit_test_framework-gcc42-mt  >&5
ld: library not found for -lboost_unit_test_framework-gcc42-mt
clang: error: linker command failed with exit code 1 (use -v to see invocation)
configure:16105: $? = 1
configure:16090: re-using the existing conftest.o
configure:16096: g++ -o conftest -g -O2  -I/opt/local/include -I/opt/local/include  -L/opt/local/lib -L/opt/local/lib conftest.o -lboost_unit_test_framework-gcc42-mt  >&5
ld: library not found for -lboost_unit_test_framework-gcc42-mt
clang: error: linker command failed with exit code 1 (use -v to see invocation)
configure:16105: $? = 1
configure:16090: re-using the existing conftest.o
configure:16096: g++ -o conftest -g -O2  -I/opt/local/include -I/opt/local/include  -L/opt/local/lib -L/usr/local/lib conftest.o -lboost_unit_test_framework-gcc42-mt  >&5
ld: library not found for -lboost_unit_test_framework-gcc42-mt
clang: error: linker command failed with exit code 1 (use -v to see invocation)
configure:16105: $? = 1
configure:16090: re-using the existing conftest.o
configure:16096: g++ -o conftest -g -O2  -I/opt/local/include -I/opt/local/include  -L/opt/local/lib -L/usr/lib conftest.o -lboost_unit_test_framework-gcc42-mt  >&5
ld: library not found for -lboost_unit_test_framework-gcc42-mt
clang: error: linker command failed with exit code 1 (use -v to see invocation)
configure:16105: $? = 1
configure:16090: re-using the existing conftest.o
configure:16096: g++ -o conftest -g -O2  -I/opt/local/include -I/opt/local/include  -L/opt/local/lib -L/opt/local/lib conftest.o -lboost_unit_test_framework-gcc42-mt-d-1_56  >&5
ld: library not found for -lboost_unit_test_framework-gcc42-mt-d-1_56
clang: error: linker command failed with exit code 1 (use -v to see invocation)
configure:16105: $? = 1
configure:16090: re-using the existing conftest.o
configure:16096: g++ -o conftest -g -O2  -I/opt/local/include -I/opt/local/include  -L/opt/local/lib -L/opt/local/lib conftest.o -lboost_unit_test_framework-gcc42-mt-d-1_56  >&5
ld: library not found for -lboost_unit_test_framework-gcc42-mt-d-1_56
clang: error: linker command failed with exit code 1 (use -v to see invocation)
configure:16105: $? = 1
configure:16090: re-using the existing conftest.o
configure:16096: g++ -o conftest -g -O2  -I/opt/local/include -I/opt/local/include  -L/opt/local/lib -L/usr/local/lib conftest.o -lboost_unit_test_framework-gcc42-mt-d-1_56  >&5
ld: library not found for -lboost_unit_test_framework-gcc42-mt-d-1_56
clang: error: linker command failed with exit code 1 (use -v to see invocation)
configure:16105: $? = 1
configure:16090: re-using the existing conftest.o
configure:16096: g++ -o conftest -g -O2  -I/opt/local/include -I/opt/local/include  -L/opt/local/lib -L/usr/lib conftest.o -lboost_unit_test_framework-gcc42-mt-d-1_56  >&5
ld: library not found for -lboost_unit_test_framework-gcc42-mt-d-1_56
clang: error: linker command failed with exit code 1 (use -v to see invocation)
configure:16105: $? = 1
configure:16090: re-using the existing conftest.o
configure:16096: g++ -o conftest -g -O2  -I/opt/local/include -I/opt/local/include  -L/opt/local/lib -L/opt/local/lib conftest.o -lboost_unit_test_framework-gcc42-d-1_56  >&5
ld: library not found for -lboost_unit_test_framework-gcc42-d-1_56
clang: error: linker command failed with exit code 1 (use -v to see invocation)
configure:16105: $? = 1
configure:16090: re-using the existing conftest.o
configure:16096: g++ -o conftest -g -O2  -I/opt/local/include -I/opt/local/include  -L/opt/local/lib -L/opt/local/lib conftest.o -lboost_unit_test_framework-gcc42-d-1_56  >&5
ld: library not found for -lboost_unit_test_framework-gcc42-d-1_56
clang: error: linker command failed with exit code 1 (use -v to see invocation)
configure:16105: $? = 1
configure:16090: re-using the existing conftest.o
configure:16096: g++ -o conftest -g -O2  -I/opt/local/include -I/opt/local/include  -L/opt/local/lib -L/usr/local/lib conftest.o -lboost_unit_test_framework-gcc42-d-1_56  >&5
ld: library not found for -lboost_unit_test_framework-gcc42-d-1_56
clang: error: linker command failed with exit code 1 (use -v to see invocation)
configure:16105: $? = 1
configure:16090: re-using the existing conftest.o
configure:16096: g++ -o conftest -g -O2  -I/opt/local/include -I/opt/local/include  -L/opt/local/lib -L/usr/lib conftest.o -lboost_unit_test_framework-gcc42-d-1_56  >&5
ld: library not found for -lboost_unit_test_framework-gcc42-d-1_56
clang: error: linker command failed with exit code 1 (use -v to see invocation)
configure:16105: $? = 1
configure:16090: re-using the existing conftest.o
configure:16096: g++ -o conftest -g -O2  -I/opt/local/include -I/opt/local/include  -L/opt/local/lib -L/opt/local/lib conftest.o -lboost_unit_test_framework-gcc42  >&5
ld: library not found for -lboost_unit_test_framework-gcc42
clang: error: linker command failed with exit code 1 (use -v to see invocation)
configure:16105: $? = 1
configure:16090: re-using the existing conftest.o
configure:16096: g++ -o conftest -g -O2  -I/opt/local/include -I/opt/local/include  -L/opt/local/lib -L/opt/local/lib conftest.o -lboost_unit_test_framework-gcc42  >&5
ld: library not found for -lboost_unit_test_framework-gcc42
clang: error: linker command failed with exit code 1 (use -v to see invocation)
configure:16105: $? = 1
configure:16090: re-using the existing conftest.o
configure:16096: g++ -o conftest -g -O2  -I/opt/local/include -I/opt/local/include  -L/opt/local/lib -L/usr/local/lib conftest.o -lboost_unit_test_framework-gcc42  >&5
ld: library not found for -lboost_unit_test_framework-gcc42
clang: error: linker command failed with exit code 1 (use -v to see invocation)
configure:16105: $? = 1
configure:16090: re-using the existing conftest.o
configure:16096: g++ -o conftest -g -O2  -I/opt/local/include -I/opt/local/include  -L/opt/local/lib -L/usr/lib conftest.o -lboost_unit_test_framework-gcc42  >&5
ld: library not found for -lboost_unit_test_framework-gcc42
clang: error: linker command failed with exit code 1 (use -v to see invocation)
configure:16105: $? = 1
configure:16090: re-using the existing conftest.o
configure:16096: g++ -o conftest -g -O2  -I/opt/local/include -I/opt/local/include  -L/opt/local/lib -L/opt/local/lib conftest.o -lboost_unit_test_framework-gcc42-mt-d  >&5
ld: library not found for -lboost_unit_test_framework-gcc42-mt-d
clang: error: linker command failed with exit code 1 (use -v to see invocation)
configure:16105: $? = 1
configure:16090: re-using the existing conftest.o
configure:16096: g++ -o conftest -g -O2  -I/opt/local/include -I/opt/local/include  -L/opt/local/lib -L/opt/local/lib conftest.o -lboost_unit_test_framework-gcc42-mt-d  >&5
ld: library not found for -lboost_unit_test_framework-gcc42-mt-d
clang: error: linker command failed with exit code 1 (use -v to see invocation)
configure:16105: $? = 1
configure:16090: re-using the existing conftest.o
configure:16096: g++ -o conftest -g -O2  -I/opt/local/include -I/opt/local/include  -L/opt/local/lib -L/usr/local/lib conftest.o -lboost_unit_test_framework-gcc42-mt-d  >&5
ld: library not found for -lboost_unit_test_framework-gcc42-mt-d
clang: error: linker command failed with exit code 1 (use -v to see invocation)
configure:16105: $? = 1
configure:16090: re-using the existing conftest.o
configure:16096: g++ -o conftest -g -O2  -I/opt/local/include -I/opt/local/include  -L/opt/local/lib -L/usr/lib conftest.o -lboost_unit_test_framework-gcc42-mt-d  >&5
ld: library not found for -lboost_unit_test_framework-gcc42-mt-d
clang: error: linker command failed with exit code 1 (use -v to see invocation)
configure:16105: $? = 1
configure:16090: re-using the existing conftest.o
configure:16096: g++ -o conftest -g -O2  -I/opt/local/include -I/opt/local/include  -L/opt/local/lib -L/opt/local/lib conftest.o -lboost_unit_test_framework-gcc42-d  >&5
ld: library not found for -lboost_unit_test_framework-gcc42-d
clang: error: linker command failed with exit code 1 (use -v to see invocation)
configure:16105: $? = 1
configure:16090: re-using the existing conftest.o
configure:16096: g++ -o conftest -g -O2  -I/opt/local/include -I/opt/local/include  -L/opt/local/lib -L/opt/local/lib conftest.o -lboost_unit_test_framework-gcc42-d  >&5
ld: library not found for -lboost_unit_test_framework-gcc42-d
clang: error: linker command failed with exit code 1 (use -v to see invocation)
configure:16105: $? = 1
configure:16090: re-using the existing conftest.o
configure:16096: g++ -o conftest -g -O2  -I/opt/local/include -I/opt/local/include  -L/opt/local/lib -L/usr/local/lib conftest.o -lboost_unit_test_framework-gcc42-d  >&5
ld: library not found for -lboost_unit_test_framework-gcc42-d
clang: error: linker command failed with exit code 1 (use -v to see invocation)
configure:16105: $? = 1
configure:16090: re-using the existing conftest.o
configure:16096: g++ -o conftest -g -O2  -I/opt/local/include -I/opt/local/include  -L/opt/local/lib -L/usr/lib conftest.o -lboost_unit_test_framework-gcc42-d  >&5
ld: library not found for -lboost_unit_test_framework-gcc42-d
clang: error: linker command failed with exit code 1 (use -v to see invocation)
configure:16105: $? = 1
configure:16090: re-using the existing conftest.o
configure:16096: g++ -o conftest -g -O2  -I/opt/local/include -I/opt/local/include  -L/opt/local/lib -L/opt/local/lib conftest.o /opt/local/lib/libboost_unit_test_framework-mt.a  >&5
configure:16105: $? = 0
configure:16142: result: yes
configure:16188: checking for valgrind
configure:16218: result: no
configure:16225: checking valgrind/memcheck.h usability
configure:16225: g++ -c -g -O2  -I/opt/local/include conftest.c >&5
clang: warning: treating 'c' input as 'c++' when in C++ mode, this behavior is deprecated
conftest.c:61:10: fatal error: 'valgrind/memcheck.h' file not found
#include <valgrind/memcheck.h>
         ^
1 error generated.
configure:16225: $? = 1
configure: failed program was:
| /* confdefs.h */
| #define PACKAGE_NAME "exempi"
| #define PACKAGE_TARNAME "exempi"
| #define PACKAGE_VERSION "2.2.2"
| #define PACKAGE_STRING "exempi 2.2.2"
| #define PACKAGE_BUGREPORT ""
| #define PACKAGE_URL ""
| #define PACKAGE "exempi"
| #define VERSION "2.2.2"
| #define STDC_HEADERS 1
| #define HAVE_SYS_TYPES_H 1
| #define HAVE_SYS_STAT_H 1
| #define HAVE_STDLIB_H 1
| #define HAVE_STRING_H 1
| #define HAVE_MEMORY_H 1
| #define HAVE_STRINGS_H 1
| #define HAVE_INTTYPES_H 1
| #define HAVE_STDINT_H 1
| #define HAVE_UNISTD_H 1
| #define HAVE_DLFCN_H 1
| #define LT_OBJDIR ".libs/"
| #define CHECKED_ENDIANNESS 1
| #define ICONV_CONST 
| #define TLS __thread
| #define HAVE_NATIVE_TLS 1
| #define HAVE_BOOST_TEST_UNIT_TEST_HPP 1
| /* end confdefs.h.  */
| #include <stdio.h>
| #ifdef HAVE_SYS_TYPES_H
| # include <sys/types.h>
| #endif
| #ifdef HAVE_SYS_STAT_H
| # include <sys/stat.h>
| #endif
| #ifdef STDC_HEADERS
| # include <stdlib.h>
| # include <stddef.h>
| #else
| # ifdef HAVE_STDLIB_H
| #  include <stdlib.h>
| # endif
| #endif
| #ifdef HAVE_STRING_H
| # if !defined STDC_HEADERS && defined HAVE_MEMORY_H
| #  include <memory.h>
| # endif
| # include <string.h>
| #endif
| #ifdef HAVE_STRINGS_H
| # include <strings.h>
| #endif
| #ifdef HAVE_INTTYPES_H
| # include <inttypes.h>
| #endif
| #ifdef HAVE_STDINT_H
| # include <stdint.h>
| #endif
| #ifdef HAVE_UNISTD_H
| # include <unistd.h>
| #endif
| #include <valgrind/memcheck.h>
configure:16225: result: no
configure:16225: checking valgrind/memcheck.h presence
configure:16225: gcc -E  -I/opt/local/include conftest.c
conftest.c:28:10: fatal error: 'valgrind/memcheck.h' file not found
#include <valgrind/memcheck.h>
         ^
1 error generated.
configure:16225: $? = 1
configure: failed program was:
| /* confdefs.h */
| #define PACKAGE_NAME "exempi"
| #define PACKAGE_TARNAME "exempi"
| #define PACKAGE_VERSION "2.2.2"
| #define PACKAGE_STRING "exempi 2.2.2"
| #define PACKAGE_BUGREPORT ""
| #define PACKAGE_URL ""
| #define PACKAGE "exempi"
| #define VERSION "2.2.2"
| #define STDC_HEADERS 1
| #define HAVE_SYS_TYPES_H 1
| #define HAVE_SYS_STAT_H 1
| #define HAVE_STDLIB_H 1
| #define HAVE_STRING_H 1
| #define HAVE_MEMORY_H 1
| #define HAVE_STRINGS_H 1
| #define HAVE_INTTYPES_H 1
| #define HAVE_STDINT_H 1
| #define HAVE_UNISTD_H 1
| #define HAVE_DLFCN_H 1
| #define LT_OBJDIR ".libs/"
| #define CHECKED_ENDIANNESS 1
| #define ICONV_CONST 
| #define TLS __thread
| #define HAVE_NATIVE_TLS 1
| #define HAVE_BOOST_TEST_UNIT_TEST_HPP 1
| /* end confdefs.h.  */
| #include <valgrind/memcheck.h>
configure:16225: result: no
configure:16225: checking for valgrind/memcheck.h
configure:16225: result: no
configure:16236: WARNING: Valgrind is missing. checks will run without
configure:16395: checking that generated files are newer than configure
configure:16401: result: done
configure:16441: creating ./config.status

## ---------------------- ##
## Running config.status. ##
## ---------------------- ##

This file was extended by exempi config.status 2.2.2, which was
generated by GNU Autoconf 2.69.  Invocation command line was

  CONFIG_FILES    = 
  CONFIG_HEADERS  = 
  CONFIG_LINKS    = 
  CONFIG_COMMANDS = 
  $ ./config.status 

on eduroam9028.univ-lr.fr

config.status:1104: creating Makefile
config.status:1104: creating third-party/Makefile
config.status:1104: creating third-party/MD5/Makefile
config.status:1104: creating source/Makefile
config.status:1104: creating source/common/Makefile
config.status:1104: creating source/XMPCore/Makefile
config.status:1104: creating source/XMPFiles/Makefile
config.status:1104: creating source/XMPFiles/FileHandlers/Makefile
config.status:1104: creating source/XMPFiles/FormatSupport/Makefile
config.status:1104: creating samples/Makefile
config.status:1104: creating samples/source/Makefile
config.status:1104: creating samples/testfiles/Makefile
config.status:1104: creating build/Makefile
config.status:1104: creating public/Makefile
config.status:1104: creating public/include/Makefile
config.status:1104: creating public/include/client-glue/Makefile
config.status:1104: creating exempi/Makefile
config.status:1104: creating exempi/doc/Makefile
config.status:1104: creating exempi/doc/Doxyfile
config.status:1104: creating exempi/tests/Makefile
config.status:1104: creating exempi/exempi-2.0.pc
config.status:1276: executing depfiles commands
config.status:1276: executing libtool commands

## ---------------- ##
## Cache variables. ##
## ---------------- ##

ac_cv_build=x86_64-apple-darwin14.1.0
ac_cv_c_bigendian=no
ac_cv_c_compiler_gnu=yes
ac_cv_cxx_compiler_gnu=yes
ac_cv_env_CCC_set=
ac_cv_env_CCC_value=
ac_cv_env_CC_set=
ac_cv_env_CC_value=
ac_cv_env_CFLAGS_set=
ac_cv_env_CFLAGS_value=
ac_cv_env_CPPFLAGS_set=
ac_cv_env_CPPFLAGS_value=
ac_cv_env_CPP_set=
ac_cv_env_CPP_value=
ac_cv_env_CXXCPP_set=
ac_cv_env_CXXCPP_value=
ac_cv_env_CXXFLAGS_set=
ac_cv_env_CXXFLAGS_value=
ac_cv_env_CXX_set=
ac_cv_env_CXX_value=
ac_cv_env_LDFLAGS_set=
ac_cv_env_LDFLAGS_value=
ac_cv_env_LIBS_set=
ac_cv_env_LIBS_value=
ac_cv_env_build_alias_set=
ac_cv_env_build_alias_value=
ac_cv_env_host_alias_set=
ac_cv_env_host_alias_value=
ac_cv_env_target_alias_set=
ac_cv_env_target_alias_value=
ac_cv_header_boost_test_unit_test_hpp=yes
ac_cv_header_dlfcn_h=yes
ac_cv_header_expat_h=yes
ac_cv_header_iconv_h=yes
ac_cv_header_inttypes_h=yes
ac_cv_header_memory_h=yes
ac_cv_header_stdc=yes
ac_cv_header_stdint_h=yes
ac_cv_header_stdlib_h=yes
ac_cv_header_string_h=yes
ac_cv_header_strings_h=yes
ac_cv_header_sys_stat_h=yes
ac_cv_header_sys_types_h=yes
ac_cv_header_unistd_h=yes
ac_cv_header_valgrind_memcheck_h=no
ac_cv_header_zlib_h=yes
ac_cv_host=x86_64-apple-darwin14.1.0
ac_cv_objext=o
ac_cv_path_EGREP='/usr/bin/grep -E'
ac_cv_path_FGREP='/usr/bin/grep -F'
ac_cv_path_GREP=/usr/bin/grep
ac_cv_path_SED=/usr/bin/sed
ac_cv_path_install='/usr/bin/install -c'
ac_cv_prog_AWK=awk
ac_cv_prog_CPP='gcc -E'
ac_cv_prog_CXXCPP='g++ -E'
ac_cv_prog_ac_ct_AR=ar
ac_cv_prog_ac_ct_CC=gcc
ac_cv_prog_ac_ct_CXX=g++
ac_cv_prog_ac_ct_DSYMUTIL=dsymutil
ac_cv_prog_ac_ct_LIPO=lipo
ac_cv_prog_ac_ct_NMEDIT=nmedit
ac_cv_prog_ac_ct_OTOOL=otool
ac_cv_prog_ac_ct_RANLIB=ranlib
ac_cv_prog_ac_ct_STRIP=strip
ac_cv_prog_cc_c89=
ac_cv_prog_cc_g=yes
ac_cv_prog_cxx_g=yes
ac_cv_prog_make_make_set=yes
ac_cv_tls=__thread
am_cv_CC_dependencies_compiler_type=gcc3
am_cv_CXX_dependencies_compiler_type=gcc3
am_cv_make_support_nested_variables=yes
am_cv_proto_iconv='extern size_t iconv (iconv_t cd, char * *inbuf, size_t *inbytesleft, char * *outbuf, size_t *outbytesleft);'
am_cv_proto_iconv_arg1=
ax_cv_ld_check_flag__Wl___retain_symbols_file__ac_foo_sym=no
boost_cv_inc_path=/opt/local/include
boost_cv_lib_tag=gcc42
boost_cv_lib_unit_test_framework=yes
boost_cv_lib_unit_test_framework_LDFLAGS='-L/opt/local/lib -R/opt/local/lib'
boost_cv_lib_unit_test_framework_LIBS=/opt/local/lib/libboost_unit_test_framework-mt.a
boost_cv_lib_version=1_56
lt_cv_apple_cc_single_mod=yes
lt_cv_ar_at_file=no
lt_cv_deplibs_check_method=pass_all
lt_cv_file_magic_cmd='$MAGIC_CMD'
lt_cv_file_magic_test_file=
lt_cv_ld_exported_symbols_list=yes
lt_cv_ld_force_load=yes
lt_cv_ld_reload_flag=-r
lt_cv_nm_interface='BSD nm'
lt_cv_objdir=.libs
lt_cv_path_LD=/Applications/Xcode.app/Contents/Developer/Toolchains/XcodeDefault.xctoolchain/usr/bin/ld
lt_cv_path_LDCXX=/Applications/Xcode.app/Contents/Developer/Toolchains/XcodeDefault.xctoolchain/usr/bin/ld
lt_cv_path_NM=/usr/bin/nm
lt_cv_path_mainfest_tool=no
lt_cv_prog_compiler_c_o=yes
lt_cv_prog_compiler_c_o_CXX=yes
lt_cv_prog_compiler_pic='-fno-common -DPIC'
lt_cv_prog_compiler_pic_CXX='-fno-common -DPIC'
lt_cv_prog_compiler_pic_works=yes
lt_cv_prog_compiler_pic_works_CXX=yes
lt_cv_prog_compiler_rtti_exceptions=yes
lt_cv_prog_compiler_static_works=no
lt_cv_prog_compiler_static_works_CXX=no
lt_cv_prog_gnu_ld=no
lt_cv_prog_gnu_ldcxx=no
lt_cv_sharedlib_from_linklib_cmd='printf %s\n'
lt_cv_sys_global_symbol_pipe='sed -n -e '\''s/^.*[	 ]\([BCDEGRST][BCDEGRST]*\)[	 ][	 ]*_\([_A-Za-z][_A-Za-z0-9]*\)$/\1 _\2 \2/p'\'' | sed '\''/ __gnu_lto/d'\'''
lt_cv_sys_global_symbol_to_c_name_address='sed -n -e '\''s/^: \([^ ]*\)[ ]*$/  {\"\1\", (void *) 0},/p'\'' -e '\''s/^[BCDEGRST]* \([^ ]*\) \([^ ]*\)$/  {"\2", (void *) \&\2},/p'\'''
lt_cv_sys_global_symbol_to_c_name_address_lib_prefix='sed -n -e '\''s/^: \([^ ]*\)[ ]*$/  {\"\1\", (void *) 0},/p'\'' -e '\''s/^[BCDEGRST]* \([^ ]*\) \(lib[^ ]*\)$/  {"\2", (void *) \&\2},/p'\'' -e '\''s/^[BCDEGRST]* \([^ ]*\) \([^ ]*\)$/  {"lib\2", (void *) \&\2},/p'\'''
lt_cv_sys_global_symbol_to_cdecl='sed -n -e '\''s/^T .* \(.*\)$/extern int \1();/p'\'' -e '\''s/^[BCDEGRST]* .* \(.*\)$/extern char \1;/p'\'''
lt_cv_sys_max_cmd_len=196608
lt_cv_to_host_file_cmd=func_convert_file_noop
lt_cv_to_tool_file_cmd=func_convert_file_noop

## ----------------- ##
## Output variables. ##
## ----------------- ##

ACLOCAL='aclocal-1.13'
AMDEPBACKSLASH='\'
AMDEP_FALSE='#'
AMDEP_TRUE=''
AMTAR='$${TAR-tar}'
AM_BACKSLASH='\'
AM_DEFAULT_V='$(AM_DEFAULT_VERBOSITY)'
AM_DEFAULT_VERBOSITY='0'
AM_V='$(V)'
AR='ar'
AUTOCONF='autoconf'
AUTOHEADER='autoheader'
AUTOMAKE='automake-1.13'
AWK='awk'
BOOST_CPPFLAGS='-I/opt/local/include'
BOOST_UNIT_TEST_FRAMEWORK_LDFLAGS='-L/opt/local/lib -R/opt/local/lib'
BOOST_UNIT_TEST_FRAMEWORK_LIBS='/opt/local/lib/libboost_unit_test_framework-mt.a'
CC='g++'
CCDEPMODE='depmode=gcc3'
CFLAGS='-g -O2'
CPP='gcc -E'
CPPFLAGS=' -I/opt/local/include'
CXX='g++'
CXXCPP='g++ -E'
CXXDEPMODE='depmode=gcc3'
CXXFLAGS='-g -O2'
CYGPATH_W='echo'
DEFS='-DPACKAGE_NAME=\"exempi\" -DPACKAGE_TARNAME=\"exempi\" -DPACKAGE_VERSION=\"2.2.2\" -DPACKAGE_STRING=\"exempi\ 2.2.2\" -DPACKAGE_BUGREPORT=\"\" -DPACKAGE_URL=\"\" -DPACKAGE=\"exempi\" -DVERSION=\"2.2.2\" -DSTDC_HEADERS=1 -DHAVE_SYS_TYPES_H=1 -DHAVE_SYS_STAT_H=1 -DHAVE_STDLIB_H=1 -DHAVE_STRING_H=1 -DHAVE_MEMORY_H=1 -DHAVE_STRINGS_H=1 -DHAVE_INTTYPES_H=1 -DHAVE_STDINT_H=1 -DHAVE_UNISTD_H=1 -DHAVE_DLFCN_H=1 -DLT_OBJDIR=\".libs/\" -DCHECKED_ENDIANNESS=1 -DICONV_CONST= -DTLS=__thread -DHAVE_NATIVE_TLS=1 -DHAVE_BOOST_TEST_UNIT_TEST_HPP=1'
DEPDIR='.deps'
DISTCHECK_CONFIGURE_FLAGS=' '\''--with-boost='\'''
DLLTOOL='false'
DSYMUTIL='dsymutil'
DUMPBIN=''
ECHO_C='\c'
ECHO_N=''
ECHO_T=''
EGREP='/usr/bin/grep -E'
EXEEXT=''
EXEMPI_AGE='2'
EXEMPI_CURRENT='5'
EXEMPI_CURRENT_MIN='3'
EXEMPI_INCLUDE_BASE='exempi-2.0'
EXEMPI_MAJOR_VERSION='2.0'
EXEMPI_PLATFORM_DEF='MAC_ENV'
EXEMPI_REVISION='4'
EXEMPI_VERSION_INFO='5:4:2'
FGREP='/usr/bin/grep -F'
GREP='/usr/bin/grep'
HAVE_SYMBOLS_FILE_FALSE=''
HAVE_SYMBOLS_FILE_TRUE='#'
INSTALL_DATA='${INSTALL} -m 644'
INSTALL_PROGRAM='${INSTALL}'
INSTALL_SCRIPT='${INSTALL}'
INSTALL_STRIP_PROGRAM='$(install_sh) -c -s'
LD='/Applications/Xcode.app/Contents/Developer/Toolchains/XcodeDefault.xctoolchain/usr/bin/ld'
LDFLAGS=' -L/opt/local/lib -framework CoreServices'
LIBOBJS=''
LIBS=''
LIBTOOL='$(SHELL) $(top_builddir)/libtool'
LIPO='lipo'
LN_S='ln -s'
LTLIBOBJS=''
MAINT='#'
MAINTAINER_MODE_FALSE=''
MAINTAINER_MODE_TRUE='#'
MAKEINFO='makeinfo'
MANIFEST_TOOL=':'
MKDIR_P='./install-sh -c -d'
NM='/usr/bin/nm'
NMEDIT='nmedit'
OBJDUMP='false'
OBJEXT='o'
OTOOL64=':'
OTOOL='otool'
PACKAGE='exempi'
PACKAGE_BUGREPORT=''
PACKAGE_NAME='exempi'
PACKAGE_STRING='exempi 2.2.2'
PACKAGE_TARNAME='exempi'
PACKAGE_URL=''
PACKAGE_VERSION='2.2.2'
PATH_SEPARATOR=':'
RANLIB='ranlib'
SED='/usr/bin/sed'
SET_MAKE=''
SHELL='/bin/sh'
STRIP='strip'
VALGRIND=''
VERSION='2.2.2'
WITH_UNIT_TEST_FALSE='#'
WITH_UNIT_TEST_TRUE=''
ac_ct_AR='ar'
ac_ct_CC='gcc'
ac_ct_CXX='g++'
ac_ct_DUMPBIN=''
am__EXEEXT_FALSE=''
am__EXEEXT_TRUE='#'
am__fastdepCC_FALSE='#'
am__fastdepCC_TRUE=''
am__fastdepCXX_FALSE='#'
am__fastdepCXX_TRUE=''
am__include='include'
am__isrc=''
am__leading_dot='.'
am__nodep='_no'
am__quote=''
am__tar='$${TAR-tar} chof - "$$tardir"'
am__untar='$${TAR-tar} xf -'
bindir='${exec_prefix}/bin'
build='x86_64-apple-darwin14.1.0'
build_alias=''
build_cpu='x86_64'
build_os='darwin14.1.0'
build_vendor='apple'
datadir='${datarootdir}'
datarootdir='${prefix}/share'
docdir='${datarootdir}/doc/${PACKAGE_TARNAME}'
dvidir='${docdir}'
exec_prefix='${prefix}'
host='x86_64-apple-darwin14.1.0'
host_alias=''
host_cpu='x86_64'
host_os='darwin14.1.0'
host_vendor='apple'
htmldir='${docdir}'
includedir='${prefix}/include'
infodir='${datarootdir}/info'
install_sh='${SHELL} /Applications/MAMP/htdocs/StreamViewer/exempi-2.2.2/install-sh'
libdir='${exec_prefix}/lib'
libexecdir='${exec_prefix}/libexec'
localedir='${datarootdir}/locale'
localstatedir='${prefix}/var'
mandir='${datarootdir}/man'
mkdir_p='$(MKDIR_P)'
oldincludedir='/usr/include'
pdfdir='${docdir}'
pkgconfigdir='${libdir}/pkgconfig'
prefix='/usr/local'
program_transform_name='s,x,x,'
psdir='${docdir}'
sbindir='${exec_prefix}/sbin'
sharedstatedir='${prefix}/com'
sysconfdir='${prefix}/etc'
target_alias=''

## ----------- ##
## confdefs.h. ##
## ----------- ##

/* confdefs.h */
#define PACKAGE_NAME "exempi"
#define PACKAGE_TARNAME "exempi"
#define PACKAGE_VERSION "2.2.2"
#define PACKAGE_STRING "exempi 2.2.2"
#define PACKAGE_BUGREPORT ""
#define PACKAGE_URL ""
#define PACKAGE "exempi"
#define VERSION "2.2.2"
#define STDC_HEADERS 1
#define HAVE_SYS_TYPES_H 1
#define HAVE_SYS_STAT_H 1
#define HAVE_STDLIB_H 1
#define HAVE_STRING_H 1
#define HAVE_MEMORY_H 1
#define HAVE_STRINGS_H 1
#define HAVE_INTTYPES_H 1
#define HAVE_STDINT_H 1
#define HAVE_UNISTD_H 1
#define HAVE_DLFCN_H 1
#define LT_OBJDIR ".libs/"
#define CHECKED_ENDIANNESS 1
#define ICONV_CONST 
#define TLS __thread
#define HAVE_NATIVE_TLS 1
#define HAVE_BOOST_TEST_UNIT_TEST_HPP 1

configure: exit 0
